<?xml version="1.0" encoding="UTF-8"?>
<coverage generated="1595872025319" clover="3.2.0">
  <project timestamp="1595872025320" name="All files">
    <metrics statements="43" coveredstatements="31" conditionals="20" coveredconditionals="12" methods="9" coveredmethods="4" elements="72" coveredelements="47" complexity="0" loc="43" ncloc="43" packages="1" files="5" classes="5"/>
    <file name="bracketValidator.js" path="/home/alemendoza/SoyHenry/reactoTesting/problems/bracketValidator.js">
      <metrics statements="10" coveredstatements="10" conditionals="4" coveredconditionals="4" methods="1" coveredmethods="1"/>
      <line num="9" count="1" type="stmt"/>
      <line num="11" count="4" type="stmt"/>
      <line num="16" count="4" type="stmt"/>
      <line num="17" count="4" type="stmt"/>
      <line num="18" count="27" type="cond" truecount="2" falsecount="0"/>
      <line num="19" count="16" type="stmt"/>
      <line num="21" count="11" type="cond" truecount="2" falsecount="0"/>
      <line num="22" count="2" type="stmt"/>
      <line num="24" count="9" type="stmt"/>
      <line num="26" count="2" type="stmt"/>
    </file>
    <file name="indexArray.js" path="/home/alemendoza/SoyHenry/reactoTesting/problems/indexArray.js">
      <metrics statements="6" coveredstatements="6" conditionals="4" coveredconditionals="4" methods="1" coveredmethods="1"/>
      <line num="15" count="1" type="stmt"/>
      <line num="17" count="2" type="stmt"/>
      <line num="19" count="18" type="stmt"/>
      <line num="22" count="24" type="cond" truecount="2" falsecount="0"/>
      <line num="24" count="7" type="cond" truecount="2" falsecount="0"/>
      <line num="28" count="1" type="stmt"/>
    </file>
    <file name="mayorGanancia.js" path="/home/alemendoza/SoyHenry/reactoTesting/problems/mayorGanancia.js">
      <metrics statements="8" coveredstatements="8" conditionals="2" coveredconditionals="2" methods="1" coveredmethods="1"/>
      <line num="5" count="1" type="stmt"/>
      <line num="6" count="2" type="stmt"/>
      <line num="7" count="2" type="stmt"/>
      <line num="8" count="8" type="stmt"/>
      <line num="9" count="20" type="stmt"/>
      <line num="11" count="20" type="cond" truecount="2" falsecount="0"/>
      <line num="12" count="8" type="stmt"/>
      <line num="17" count="2" type="stmt"/>
    </file>
    <file name="minStack.js" path="/home/alemendoza/SoyHenry/reactoTesting/problems/minStack.js">
      <metrics statements="12" coveredstatements="0" conditionals="8" coveredconditionals="0" methods="5" coveredmethods="0"/>
      <line num="16" count="0" type="stmt"/>
      <line num="17" count="0" type="stmt"/>
      <line num="23" count="0" type="stmt"/>
      <line num="27" count="0" type="cond" truecount="0" falsecount="2"/>
      <line num="28" count="0" type="stmt"/>
      <line num="32" count="0" type="stmt"/>
      <line num="33" count="0" type="stmt"/>
      <line num="34" count="0" type="stmt"/>
      <line num="39" count="0" type="stmt"/>
      <line num="40" count="0" type="cond" truecount="0" falsecount="2"/>
      <line num="41" count="0" type="cond" truecount="0" falsecount="2"/>
      <line num="45" count="0" type="cond" truecount="0" falsecount="2"/>
    </file>
    <file name="multidimensionalArray.js" path="/home/alemendoza/SoyHenry/reactoTesting/problems/multidimensionalArray.js">
      <metrics statements="7" coveredstatements="7" conditionals="2" coveredconditionals="2" methods="1" coveredmethods="1"/>
      <line num="4" count="1" type="stmt"/>
      <line num="5" count="10" type="stmt"/>
      <line num="6" count="10" type="stmt"/>
      <line num="7" count="25" type="cond" truecount="2" falsecount="0"/>
      <line num="8" count="7" type="stmt"/>
      <line num="10" count="18" type="stmt"/>
      <line num="13" count="10" type="stmt"/>
    </file>
  </project>
</coverage>
