{"/home/alemendoza/SoyHenry/reactoTesting/problems/bracketValidator.js": {"path":"/home/alemendoza/SoyHenry/reactoTesting/problems/bracketValidator.js","statementMap":{"0":{"start":{"line":9,"column":0},"end":{"line":27,"column":1}},"1":{"start":{"line":11,"column":20},"end":{"line":15,"column":5}},"2":{"start":{"line":16,"column":24},"end":{"line":16,"column":26}},"3":{"start":{"line":17,"column":4},"end":{"line":25,"column":5}},"4":{"start":{"line":17,"column":17},"end":{"line":17,"column":18}},"5":{"start":{"line":18,"column":8},"end":{"line":24,"column":22}},"6":{"start":{"line":19,"column":12},"end":{"line":19,"column":39}},"7":{"start":{"line":21,"column":13},"end":{"line":24,"column":22}},"8":{"start":{"line":22,"column":12},"end":{"line":22,"column":25}},"9":{"start":{"line":24,"column":13},"end":{"line":24,"column":22}},"10":{"start":{"line":26,"column":4},"end":{"line":26,"column":31}}},"fnMap":{"0":{"name":"bracketValidator","decl":{"start":{"line":9,"column":26},"end":{"line":9,"column":42}},"loc":{"start":{"line":9,"column":51},"end":{"line":27,"column":1}},"line":9}},"branchMap":{"0":{"loc":{"start":{"line":18,"column":8},"end":{"line":24,"column":22}},"type":"if","locations":[{"start":{"line":18,"column":8},"end":{"line":24,"column":22}},{"start":{"line":18,"column":8},"end":{"line":24,"column":22}}],"line":18},"1":{"loc":{"start":{"line":21,"column":13},"end":{"line":24,"column":22}},"type":"if","locations":[{"start":{"line":21,"column":13},"end":{"line":24,"column":22}},{"start":{"line":21,"column":13},"end":{"line":24,"column":22}}],"line":21}},"s":{"0":1,"1":4,"2":4,"3":4,"4":4,"5":27,"6":16,"7":11,"8":2,"9":9,"10":2},"f":{"0":4},"b":{"0":[16,11],"1":[2,9]},"_coverageSchema":"43e27e138ebf9cfc5966b082cf9a028302ed4184","hash":"121007457739d27a8d05c936043786fa0f00710c"}
,"/home/alemendoza/SoyHenry/reactoTesting/problems/indexArray.js": {"path":"/home/alemendoza/SoyHenry/reactoTesting/problems/indexArray.js","statementMap":{"0":{"start":{"line":15,"column":0},"end":{"line":29,"column":3}},"1":{"start":{"line":17,"column":4},"end":{"line":26,"column":5}},"2":{"start":{"line":17,"column":29},"end":{"line":17,"column":30}},"3":{"start":{"line":19,"column":6},"end":{"line":25,"column":7}},"4":{"start":{"line":19,"column":29},"end":{"line":19,"column":30}},"5":{"start":{"line":22,"column":8},"end":{"line":22,"column":81}},"6":{"start":{"line":22,"column":75},"end":{"line":22,"column":81}},"7":{"start":{"line":24,"column":8},"end":{"line":24,"column":68}},"8":{"start":{"line":24,"column":47},"end":{"line":24,"column":68}},"9":{"start":{"line":28,"column":4},"end":{"line":28,"column":14}}},"fnMap":{"0":{"name":"findNeedle","decl":{"start":{"line":15,"column":27},"end":{"line":15,"column":37}},"loc":{"start":{"line":15,"column":56},"end":{"line":29,"column":3}},"line":15}},"branchMap":{"0":{"loc":{"start":{"line":22,"column":8},"end":{"line":22,"column":81}},"type":"if","locations":[{"start":{"line":22,"column":8},"end":{"line":22,"column":81}},{"start":{"line":22,"column":8},"end":{"line":22,"column":81}}],"line":22},"1":{"loc":{"start":{"line":24,"column":8},"end":{"line":24,"column":68}},"type":"if","locations":[{"start":{"line":24,"column":8},"end":{"line":24,"column":68}},{"start":{"line":24,"column":8},"end":{"line":24,"column":68}}],"line":24}},"s":{"0":1,"1":2,"2":2,"3":18,"4":18,"5":24,"6":17,"7":7,"8":1,"9":1},"f":{"0":2},"b":{"0":[17,7],"1":[1,6]},"_coverageSchema":"43e27e138ebf9cfc5966b082cf9a028302ed4184","hash":"b200153bafd513e4dff3b4b979ea5610e161cc20"}
,"/home/alemendoza/SoyHenry/reactoTesting/problems/mayorGanancia.js": {"path":"/home/alemendoza/SoyHenry/reactoTesting/problems/mayorGanancia.js","statementMap":{"0":{"start":{"line":5,"column":0},"end":{"line":18,"column":1}},"1":{"start":{"line":6,"column":22},"end":{"line":6,"column":57}},"2":{"start":{"line":7,"column":4},"end":{"line":16,"column":5}},"3":{"start":{"line":7,"column":17},"end":{"line":7,"column":18}},"4":{"start":{"line":8,"column":8},"end":{"line":14,"column":9}},"5":{"start":{"line":8,"column":21},"end":{"line":8,"column":26}},"6":{"start":{"line":9,"column":36},"end":{"line":9,"column":71}},"7":{"start":{"line":11,"column":12},"end":{"line":13,"column":13}},"8":{"start":{"line":12,"column":16},"end":{"line":12,"column":48}},"9":{"start":{"line":17,"column":4},"end":{"line":17,"column":23}}},"fnMap":{"0":{"name":"mayorGanancia","decl":{"start":{"line":5,"column":26},"end":{"line":5,"column":39}},"loc":{"start":{"line":5,"column":55},"end":{"line":18,"column":1}},"line":5}},"branchMap":{"0":{"loc":{"start":{"line":11,"column":12},"end":{"line":13,"column":13}},"type":"if","locations":[{"start":{"line":11,"column":12},"end":{"line":13,"column":13}},{"start":{"line":11,"column":12},"end":{"line":13,"column":13}}],"line":11}},"s":{"0":1,"1":2,"2":2,"3":2,"4":8,"5":8,"6":20,"7":20,"8":8,"9":2},"f":{"0":2},"b":{"0":[8,12]},"_coverageSchema":"43e27e138ebf9cfc5966b082cf9a028302ed4184","hash":"6f3c18e08027397aacd8a41b21332a52e4564bfe"}
,"/home/alemendoza/SoyHenry/reactoTesting/problems/minStack.js": {"path":"/home/alemendoza/SoyHenry/reactoTesting/problems/minStack.js","statementMap":{"0":{"start":{"line":16,"column":8},"end":{"line":16,"column":27}},"1":{"start":{"line":17,"column":8},"end":{"line":17,"column":25}},"2":{"start":{"line":23,"column":8},"end":{"line":23,"column":28}},"3":{"start":{"line":27,"column":8},"end":{"line":35,"column":9}},"4":{"start":{"line":28,"column":12},"end":{"line":28,"column":47}},"5":{"start":{"line":32,"column":30},"end":{"line":32,"column":48}},"6":{"start":{"line":33,"column":12},"end":{"line":33,"column":42}},"7":{"start":{"line":34,"column":12},"end":{"line":34,"column":37}},"8":{"start":{"line":39,"column":29},"end":{"line":39,"column":41}},"9":{"start":{"line":40,"column":8},"end":{"line":40,"column":57}},"10":{"start":{"line":41,"column":8},"end":{"line":41,"column":50}},"11":{"start":{"line":45,"column":8},"end":{"line":45,"column":50}}},"fnMap":{"0":{"name":"(anonymous_0)","decl":{"start":{"line":15,"column":4},"end":{"line":15,"column":5}},"loc":{"start":{"line":15,"column":23},"end":{"line":18,"column":5}},"line":15},"1":{"name":"(anonymous_1)","decl":{"start":{"line":22,"column":4},"end":{"line":22,"column":5}},"loc":{"start":{"line":22,"column":17},"end":{"line":24,"column":5}},"line":22},"2":{"name":"(anonymous_2)","decl":{"start":{"line":26,"column":4},"end":{"line":26,"column":5}},"loc":{"start":{"line":26,"column":19},"end":{"line":36,"column":5}},"line":26},"3":{"name":"(anonymous_3)","decl":{"start":{"line":38,"column":4},"end":{"line":38,"column":5}},"loc":{"start":{"line":38,"column":10},"end":{"line":42,"column":5}},"line":38},"4":{"name":"(anonymous_4)","decl":{"start":{"line":44,"column":4},"end":{"line":44,"column":5}},"loc":{"start":{"line":44,"column":9},"end":{"line":46,"column":5}},"line":44}},"branchMap":{"0":{"loc":{"start":{"line":27,"column":8},"end":{"line":35,"column":9}},"type":"if","locations":[{"start":{"line":27,"column":8},"end":{"line":35,"column":9}},{"start":{"line":27,"column":8},"end":{"line":35,"column":9}}],"line":27},"1":{"loc":{"start":{"line":40,"column":23},"end":{"line":40,"column":56}},"type":"binary-expr","locations":[{"start":{"line":40,"column":23},"end":{"line":40,"column":35}},{"start":{"line":40,"column":39},"end":{"line":40,"column":56}}],"line":40},"2":{"loc":{"start":{"line":41,"column":15},"end":{"line":41,"column":49}},"type":"binary-expr","locations":[{"start":{"line":41,"column":15},"end":{"line":41,"column":27}},{"start":{"line":41,"column":31},"end":{"line":41,"column":49}}],"line":41},"3":{"loc":{"start":{"line":45,"column":15},"end":{"line":45,"column":49}},"type":"binary-expr","locations":[{"start":{"line":45,"column":15},"end":{"line":45,"column":27}},{"start":{"line":45,"column":31},"end":{"line":45,"column":49}}],"line":45}},"s":{"0":0,"1":0,"2":0,"3":0,"4":0,"5":0,"6":0,"7":0,"8":0,"9":0,"10":0,"11":0},"f":{"0":0,"1":0,"2":0,"3":0,"4":0},"b":{"0":[0,0],"1":[0,0],"2":[0,0],"3":[0,0]},"_coverageSchema":"43e27e138ebf9cfc5966b082cf9a028302ed4184","hash":"6cd186d45be88a28e7e0383db0468a8d2c907404"}
,"/home/alemendoza/SoyHenry/reactoTesting/problems/multidimensionalArray.js": {"path":"/home/alemendoza/SoyHenry/reactoTesting/problems/multidimensionalArray.js","statementMap":{"0":{"start":{"line":4,"column":0},"end":{"line":14,"column":3}},"1":{"start":{"line":5,"column":14},"end":{"line":5,"column":15}},"2":{"start":{"line":6,"column":4},"end":{"line":12,"column":5}},"3":{"start":{"line":6,"column":17},"end":{"line":6,"column":18}},"4":{"start":{"line":7,"column":6},"end":{"line":11,"column":7}},"5":{"start":{"line":8,"column":8},"end":{"line":8,"column":40}},"6":{"start":{"line":10,"column":8},"end":{"line":10,"column":29}},"7":{"start":{"line":13,"column":4},"end":{"line":13,"column":15}}},"fnMap":{"0":{"name":"mDSumArray","decl":{"start":{"line":4,"column":26},"end":{"line":4,"column":36}},"loc":{"start":{"line":4,"column":44},"end":{"line":14,"column":3}},"line":4}},"branchMap":{"0":{"loc":{"start":{"line":7,"column":6},"end":{"line":11,"column":7}},"type":"if","locations":[{"start":{"line":7,"column":6},"end":{"line":11,"column":7}},{"start":{"line":7,"column":6},"end":{"line":11,"column":7}}],"line":7}},"s":{"0":1,"1":10,"2":10,"3":10,"4":25,"5":7,"6":18,"7":10},"f":{"0":10},"b":{"0":[7,18]},"_coverageSchema":"43e27e138ebf9cfc5966b082cf9a028302ed4184","hash":"2c2fbbb4967fbfb8eee946e6461f76dd0e68837a"}
}
