TN:
SF:/home/alemendoza/SoyHenry/reactoTesting/problems/bracketValidator.js
FN:9,bracketValidator
FNF:1
FNH:1
FNDA:4,bracketValidator
DA:9,1
DA:11,4
DA:16,4
DA:17,4
DA:18,27
DA:19,16
DA:21,11
DA:22,2
DA:24,9
DA:26,2
LF:10
LH:10
BRDA:18,0,0,16
BRDA:18,0,1,11
BRDA:21,1,0,2
BRDA:21,1,1,9
BRF:4
BRH:4
end_of_record
TN:
SF:/home/alemendoza/SoyHenry/reactoTesting/problems/indexArray.js
FN:15,findNeedle
FNF:1
FNH:1
FNDA:2,findNeedle
DA:15,1
DA:17,2
DA:19,18
DA:22,24
DA:24,7
DA:28,1
LF:6
LH:6
BRDA:22,0,0,17
BRDA:22,0,1,7
BRDA:24,1,0,1
BRDA:24,1,1,6
BRF:4
BRH:4
end_of_record
TN:
SF:/home/alemendoza/SoyHenry/reactoTesting/problems/mayorGanancia.js
FN:5,mayorGanancia
FNF:1
FNH:1
FNDA:2,mayorGanancia
DA:5,1
DA:6,2
DA:7,2
DA:8,8
DA:9,20
DA:11,20
DA:12,8
DA:17,2
LF:8
LH:8
BRDA:11,0,0,8
BRDA:11,0,1,12
BRF:2
BRH:2
end_of_record
TN:
SF:/home/alemendoza/SoyHenry/reactoTesting/problems/minStack.js
FN:15,(anonymous_0)
FN:22,(anonymous_1)
FN:26,(anonymous_2)
FN:38,(anonymous_3)
FN:44,(anonymous_4)
FNF:5
FNH:0
FNDA:0,(anonymous_0)
FNDA:0,(anonymous_1)
FNDA:0,(anonymous_2)
FNDA:0,(anonymous_3)
FNDA:0,(anonymous_4)
DA:16,0
DA:17,0
DA:23,0
DA:27,0
DA:28,0
DA:32,0
DA:33,0
DA:34,0
DA:39,0
DA:40,0
DA:41,0
DA:45,0
LF:12
LH:0
BRDA:27,0,0,0
BRDA:27,0,1,0
BRDA:40,1,0,0
BRDA:40,1,1,0
BRDA:41,2,0,0
BRDA:41,2,1,0
BRDA:45,3,0,0
BRDA:45,3,1,0
BRF:8
BRH:0
end_of_record
TN:
SF:/home/alemendoza/SoyHenry/reactoTesting/problems/multidimensionalArray.js
FN:4,mDSumArray
FNF:1
FNH:1
FNDA:10,mDSumArray
DA:4,1
DA:5,10
DA:6,10
DA:7,25
DA:8,7
DA:10,18
DA:13,10
LF:7
LH:7
BRDA:7,0,0,7
BRDA:7,0,1,18
BRF:2
BRH:2
end_of_record
